# JRE version: OpenJDK Runtime Environment Temurin-21.0.8+9 (21.0.8+9) (build 21.0.8+9-LTS)
# Java VM: OpenJDK 64-Bit Server VM Temurin-21.0.8+9 (21.0.8+9-LTS, mixed mode, sharing, tiered, compressed oops, compressed class ptrs, parallel gc, windows-amd64)
GC Precious Log:
 CardTable entry size: 512
 CPUs: 28 total, 28 available
 Memory: 16039M
 Large Page Support: Disabled
 NUMA Support: Disabled
 Compressed Oops: Enabled (32-bit)
 Alignments: Space 512K, Generation 512K, Heap 2M
 Heap Min Capacity: 100M
 Heap Initial Capacity: 100M
 Heap Max Capacity: 2G
 Pre-touch: Disabled
 Parallel Workers: 20
Heap:
 PSYoungGen      total 4096K, used 2731K [0x00000000d5580000, 0x00000000d5d00000, 0x0000000100000000)
  eden space 2048K, 38% used [0x00000000d5580000,0x00000000d56457c8,0x00000000d5780000)
  from space 2048K, 94% used [0x00000000d5780000,0x00000000d5965728,0x00000000d5980000)
  to   space 2560K, 0% used [0x00000000d5a80000,0x00000000d5a80000,0x00000000d5d00000)
 ParOldGen       total 486400K, used 485949K [0x0000000080000000, 0x000000009db00000, 0x00000000d5580000)
  object space 486400K, 99% used [0x0000000080000000,0x000000009da8f7e8,0x000000009db00000)
 Metaspace       used 70133K, committed 71680K, reserved 1114112K
  class space    used 7304K, committed 8000K, reserved 1048576K
GC Heap History (20 events):
Event: 26.074 GC heap before
{Heap before GC invocations=428 (full 3):
 PSYoungGen      total 3584K, used 3200K [0x00000000d5580000, 0x00000000d5b00000, 0x0000000100000000)
  eden space 2048K, 100% used [0x00000000d5580000,0x00000000d5780000,0x00000000d5780000)
  from space 1536K, 75% used [0x00000000d5980000,0x00000000d5aa0000,0x00000000d5b00000)
  to   space 1536K, 0% used [0x00000000d5800000,0x00000000d5800000,0x00000000d5980000)
 ParOldGen       total 471040K, used 470757K [0x0000000080000000, 0x000000009cc00000, 0x00000000d5580000)
  object space 471040K, 99% used [0x0000000080000000,0x000000009cbb9578,0x000000009cc00000)
 Metaspace       used 70117K, committed 71616K, reserved 1114112K
  class space    used 7304K, committed 8000K, reserved 1048576K
}
Event: 26.076 GC heap after
{Heap after GC invocations=428 (full 3):
 PSYoungGen      total 3584K, used 1499K [0x00000000d5580000, 0x00000000d5b80000, 0x0000000100000000)
  eden space 2048K, 0% used [0x00000000d5580000,0x00000000d5580000,0x00000000d5780000)
  from space 1536K, 97% used [0x00000000d5800000,0x00000000d5976e60,0x00000000d5980000)
  to   space 2048K, 0% used [0x00000000d5980000,0x00000000d5980000,0x00000000d5b80000)
 ParOldGen       total 472064K, used 471666K [0x0000000080000000, 0x000000009cd00000, 0x00000000d5580000)
  object space 472064K, 99% used [0x0000000080000000,0x000000009cc9cae0,0x000000009cd00000)
 Metaspace       used 70117K, committed 71616K, reserved 1114112K
  class space    used 7304K, committed 8000K, reserved 1048576K
}
Event: 26.080 GC heap before
{Heap before GC invocations=429 (full 3):
 PSYoungGen      total 3584K, used 3542K [0x00000000d5580000, 0x00000000d5b80000, 0x0000000100000000)
  eden space 2048K, 99% used [0x00000000d5580000,0x00000000d577ebc8,0x00000000d5780000)
  from space 1536K, 97% used [0x00000000d5800000,0x00000000d5976e60,0x00000000d5980000)
  to   space 2048K, 0% used [0x00000000d5980000,0x00000000d5980000,0x00000000d5b80000)
 ParOldGen       total 472064K, used 471666K [0x0000000080000000, 0x000000009cd00000, 0x00000000d5580000)
  object space 472064K, 99% used [0x0000000080000000,0x000000009cc9cae0,0x000000009cd00000)
 Metaspace       used 70122K, committed 71616K, reserved 1114112K
  class space    used 7304K, committed 8000K, reserved 1048576K
}
Event: 26.081 GC heap after
{Heap after GC invocations=429 (full 3):
 PSYoungGen      total 3584K, used 1056K [0x00000000d5580000, 0x00000000d5b00000, 0x0000000100000000)
  eden space 2048K, 0% used [0x00000000d5580000,0x00000000d5580000,0x00000000d5780000)
  from space 1536K, 68% used [0x00000000d5980000,0x00000000d5a88000,0x00000000d5b00000)
  to   space 1536K, 0% used [0x00000000d5800000,0x00000000d5800000,0x00000000d5980000)
 ParOldGen       total 473088K, used 472871K [0x0000000080000000, 0x000000009ce00000, 0x00000000d5580000)
  object space 473088K, 99% used [0x0000000080000000,0x000000009cdc9ea8,0x000000009ce00000)
 Metaspace       used 70122K, committed 71616K, reserved 1114112K
  class space    used 7304K, committed 8000K, reserved 1048576K
}
Event: 26.084 GC heap before
{Heap before GC invocations=430 (full 3):
 PSYoungGen      total 3584K, used 3104K [0x00000000d5580000, 0x00000000d5b00000, 0x0000000100000000)
  eden space 2048K, 100% used [0x00000000d5580000,0x00000000d5780000,0x00000000d5780000)
  from space 1536K, 68% used [0x00000000d5980000,0x00000000d5a88000,0x00000000d5b00000)
  to   space 1536K, 0% used [0x00000000d5800000,0x00000000d5800000,0x00000000d5980000)
 ParOldGen       total 473088K, used 472871K [0x0000000080000000, 0x000000009ce00000, 0x00000000d5580000)
  object space 473088K, 99% used [0x0000000080000000,0x000000009cdc9ea8,0x000000009ce00000)
 Metaspace       used 70123K, committed 71616K, reserved 1114112K
  class space    used 7304K, committed 8000K, reserved 1048576K
}
Event: 26.085 GC heap after
{Heap after GC invocations=430 (full 3):
 PSYoungGen      total 3072K, used 775K [0x00000000d5580000, 0x00000000d5a00000, 0x0000000100000000)
  eden space 2048K, 0% used [0x00000000d5580000,0x00000000d5580000,0x00000000d5780000)
  from space 1024K, 75% used [0x00000000d5800000,0x00000000d58c1fa0,0x00000000d5900000)
  to   space 1024K, 0% used [0x00000000d5900000,0x00000000d5900000,0x00000000d5a00000)
 ParOldGen       total 474112K, used 473644K [0x0000000080000000, 0x000000009cf00000, 0x00000000d5580000)
  object space 474112K, 99% used [0x0000000080000000,0x000000009ce8b3f8,0x000000009cf00000)
 Metaspace       used 70123K, committed 71616K, reserved 1114112K
  class space    used 7304K, committed 8000K, reserved 1048576K
}
Event: 26.098 GC heap before
{Heap before GC invocations=431 (full 3):
 PSYoungGen      total 3072K, used 2776K [0x00000000d5580000, 0x00000000d5a00000, 0x0000000100000000)
  eden space 2048K, 97% used [0x00000000d5580000,0x00000000d57740b8,0x00000000d5780000)
  from space 1024K, 75% used [0x00000000d5800000,0x00000000d58c1fa0,0x00000000d5900000)
  to   space 1024K, 0% used [0x00000000d5900000,0x00000000d5900000,0x00000000d5a00000)
 ParOldGen       total 474112K, used 473644K [0x0000000080000000, 0x000000009cf00000, 0x00000000d5580000)
  object space 474112K, 99% used [0x0000000080000000,0x000000009ce8b3f8,0x000000009cf00000)
 Metaspace       used 70128K, committed 71616K, reserved 1114112K
  class space    used 7304K, committed 8000K, reserved 1048576K
}
Event: 26.100 GC heap after
{Heap after GC invocations=431 (full 3):
 PSYoungGen      total 2048K, used 1007K [0x00000000d5580000, 0x00000000d5c80000, 0x0000000100000000)
  eden space 1024K, 0% used [0x00000000d5580000,0x00000000d5580000,0x00000000d5680000)
  from space 1024K, 98% used [0x00000000d5900000,0x00000000d59fbf18,0x00000000d5a00000)
  to   space 2560K, 0% used [0x00000000d5680000,0x00000000d5680000,0x00000000d5900000)
 ParOldGen       total 474624K, used 474555K [0x0000000080000000, 0x000000009cf80000, 0x00000000d5580000)
  object space 474624K, 99% used [0x0000000080000000,0x000000009cf6ecf8,0x000000009cf80000)
 Metaspace       used 70128K, committed 71616K, reserved 1114112K
  class space    used 7304K, committed 8000K, reserved 1048576K
}
Event: 26.110 GC heap before
{Heap before GC invocations=432 (full 3):
 PSYoungGen      total 2048K, used 2031K [0x00000000d5580000, 0x00000000d5c80000, 0x0000000100000000)
  eden space 1024K, 100% used [0x00000000d5580000,0x00000000d5680000,0x00000000d5680000)
  from space 1024K, 98% used [0x00000000d5900000,0x00000000d59fbf18,0x00000000d5a00000)
  to   space 2560K, 0% used [0x00000000d5680000,0x00000000d5680000,0x00000000d5900000)
 ParOldGen       total 475648K, used 475227K [0x0000000080000000, 0x000000009d080000, 0x00000000d5580000)
  object space 475648K, 99% used [0x0000000080000000,0x000000009d016cf8,0x000000009d080000)
 Metaspace       used 70128K, committed 71616K, reserved 1114112K
  class space    used 7304K, committed 8000K, reserved 1048576K
}
Event: 26.112 GC heap after
{Heap after GC invocations=432 (full 3):
 PSYoungGen      total 2560K, used 1376K [0x00000000d5580000, 0x00000000d5a80000, 0x0000000100000000)
  eden space 1024K, 0% used [0x00000000d5580000,0x00000000d5580000,0x00000000d5680000)
  from space 1536K, 89% used [0x00000000d5680000,0x00000000d57d8000,0x00000000d5800000)
  to   space 2048K, 0% used [0x00000000d5880000,0x00000000d5880000,0x00000000d5a80000)
 ParOldGen       total 476160K, used 476143K [0x0000000080000000, 0x000000009d100000, 0x00000000d5580000)
  object space 476160K, 99% used [0x0000000080000000,0x000000009d0fbc08,0x000000009d100000)
 Metaspace       used 70128K, committed 71616K, reserved 1114112K
  class space    used 7304K, committed 8000K, reserved 1048576K
}
Event: 26.119 GC heap before
{Heap before GC invocations=433 (full 3):
 PSYoungGen      total 2560K, used 2257K [0x00000000d5580000, 0x00000000d5a80000, 0x0000000100000000)
  eden space 1024K, 86% used [0x00000000d5580000,0x00000000d565c4b8,0x00000000d5680000)
  from space 1536K, 89% used [0x00000000d5680000,0x00000000d57d8000,0x00000000d5800000)
  to   space 2048K, 0% used [0x00000000d5880000,0x00000000d5880000,0x00000000d5a80000)
 ParOldGen       total 476160K, used 476143K [0x0000000080000000, 0x000000009d100000, 0x00000000d5580000)
  object space 476160K, 99% used [0x0000000080000000,0x000000009d0fbc08,0x000000009d100000)
 Metaspace       used 70128K, committed 71616K, reserved 1114112K
  class space    used 7304K, committed 8000K, reserved 1048576K
}
Event: 26.121 GC heap after
{Heap after GC invocations=433 (full 3):
 PSYoungGen      total 2560K, used 1255K [0x00000000d5580000, 0x00000000d5a00000, 0x0000000100000000)
  eden space 1024K, 0% used [0x00000000d5580000,0x00000000d5580000,0x00000000d5680000)
  from space 1536K, 81% used [0x00000000d5880000,0x00000000d59b9da8,0x00000000d5a00000)
  to   space 1536K, 0% used [0x00000000d5680000,0x00000000d5680000,0x00000000d5800000)
 ParOldGen       total 477696K, used 477213K [0x0000000080000000, 0x000000009d280000, 0x00000000d5580000)
  object space 477696K, 99% used [0x0000000080000000,0x000000009d2076b0,0x000000009d280000)
 Metaspace       used 70128K, committed 71616K, reserved 1114112K
  class space    used 7304K, committed 8000K, reserved 1048576K
}
Event: 26.128 GC heap before
{Heap before GC invocations=434 (full 3):
 PSYoungGen      total 2560K, used 2279K [0x00000000d5580000, 0x00000000d5a00000, 0x0000000100000000)
  eden space 1024K, 100% used [0x00000000d5580000,0x00000000d5680000,0x00000000d5680000)
  from space 1536K, 81% used [0x00000000d5880000,0x00000000d59b9da8,0x00000000d5a00000)
  to   space 1536K, 0% used [0x00000000d5680000,0x00000000d5680000,0x00000000d5800000)
 ParOldGen       total 477696K, used 477213K [0x0000000080000000, 0x000000009d280000, 0x00000000d5580000)
  object space 477696K, 99% used [0x0000000080000000,0x000000009d2076b0,0x000000009d280000)
 Metaspace       used 70128K, committed 71616K, reserved 1114112K
  class space    used 7304K, committed 8000K, reserved 1048576K
}
Event: 26.129 GC heap after
{Heap after GC invocations=434 (full 3):
 PSYoungGen      total 2560K, used 1395K [0x00000000d5580000, 0x00000000d5980000, 0x0000000100000000)
  eden space 1024K, 0% used [0x00000000d5580000,0x00000000d5580000,0x00000000d5680000)
  from space 1536K, 90% used [0x00000000d5680000,0x00000000d57dcfd0,0x00000000d5800000)
  to   space 1536K, 0% used [0x00000000d5800000,0x00000000d5800000,0x00000000d5980000)
 ParOldGen       total 478208K, used 478137K [0x0000000080000000, 0x000000009d300000, 0x00000000d5580000)
  object space 478208K, 99% used [0x0000000080000000,0x000000009d2ee450,0x000000009d300000)
 Metaspace       used 70128K, committed 71616K, reserved 1114112K
  class space    used 7304K, committed 8000K, reserved 1048576K
}
Event: 26.139 GC heap before
{Heap before GC invocations=435 (full 3):
 PSYoungGen      total 2560K, used 2419K [0x00000000d5580000, 0x00000000d5980000, 0x0000000100000000)
  eden space 1024K, 100% used [0x00000000d5580000,0x00000000d5680000,0x00000000d5680000)
  from space 1536K, 90% used [0x00000000d5680000,0x00000000d57dcfd0,0x00000000d5800000)
  to   space 1536K, 0% used [0x00000000d5800000,0x00000000d5800000,0x00000000d5980000)
 ParOldGen       total 478208K, used 478137K [0x0000000080000000, 0x000000009d300000, 0x00000000d5580000)
  object space 478208K, 99% used [0x0000000080000000,0x000000009d2ee450,0x000000009d300000)
 Metaspace       used 70128K, committed 71616K, reserved 1114112K
  class space    used 7304K, committed 8000K, reserved 1048576K
}
Event: 26.140 GC heap after
{Heap after GC invocations=435 (full 3):
 PSYoungGen      total 2560K, used 1327K [0x00000000d5580000, 0x00000000d5980000, 0x0000000100000000)
  eden space 1024K, 0% used [0x00000000d5580000,0x00000000d5580000,0x00000000d5680000)
  from space 1536K, 86% used [0x00000000d5800000,0x00000000d594bf18,0x00000000d5980000)
  to   space 1536K, 0% used [0x00000000d5680000,0x00000000d5680000,0x00000000d5800000)
 ParOldGen       total 479232K, used 479227K [0x0000000080000000, 0x000000009d400000, 0x00000000d5580000)
  object space 479232K, 99% used [0x0000000080000000,0x000000009d3feec8,0x000000009d400000)
 Metaspace       used 70128K, committed 71616K, reserved 1114112K
  class space    used 7304K, committed 8000K, reserved 1048576K
}
Event: 26.142 GC heap before
{Heap before GC invocations=436 (full 3):
 PSYoungGen      total 2560K, used 1953K [0x00000000d5580000, 0x00000000d5980000, 0x0000000100000000)
  eden space 1024K, 61% used [0x00000000d5580000,0x00000000d561c590,0x00000000d5680000)
  from space 1536K, 86% used [0x00000000d5800000,0x00000000d594bf18,0x00000000d5980000)
  to   space 1536K, 0% used [0x00000000d5680000,0x00000000d5680000,0x00000000d5800000)
 ParOldGen       total 479232K, used 479227K [0x0000000080000000, 0x000000009d400000, 0x00000000d5580000)
  object space 479232K, 99% used [0x0000000080000000,0x000000009d3feec8,0x000000009d400000)
 Metaspace       used 70128K, committed 71616K, reserved 1114112K
  class space    used 7304K, committed 8000K, reserved 1048576K
}
Event: 26.144 GC heap after
{Heap after GC invocations=436 (full 3):
 PSYoungGen      total 2560K, used 1088K [0x00000000d5580000, 0x00000000d5a00000, 0x0000000100000000)
  eden space 1024K, 0% used [0x00000000d5580000,0x00000000d5580000,0x00000000d5680000)
  from space 1536K, 70% used [0x00000000d5680000,0x00000000d5790000,0x00000000d5800000)
  to   space 1536K, 0% used [0x00000000d5880000,0x00000000d5880000,0x00000000d5a00000)
 ParOldGen       total 480768K, used 480298K [0x0000000080000000, 0x000000009d580000, 0x00000000d5580000)
  object space 480768K, 99% used [0x0000000080000000,0x000000009d50a818,0x000000009d580000)
 Metaspace       used 70128K, committed 71616K, reserved 1114112K
  class space    used 7304K, committed 8000K, reserved 1048576K
}
Event: 26.150 GC heap before
{Heap before GC invocations=437 (full 3):
 PSYoungGen      total 2560K, used 1952K [0x00000000d5580000, 0x00000000d5a00000, 0x0000000100000000)
  eden space 1024K, 84% used [0x00000000d5580000,0x00000000d5658298,0x00000000d5680000)
  from space 1536K, 70% used [0x00000000d5680000,0x00000000d5790000,0x00000000d5800000)
  to   space 1536K, 0% used [0x00000000d5880000,0x00000000d5880000,0x00000000d5a00000)
 ParOldGen       total 480768K, used 480298K [0x0000000080000000, 0x000000009d580000, 0x00000000d5580000)
  object space 480768K, 99% used [0x0000000080000000,0x000000009d50a818,0x000000009d580000)
 Metaspace       used 70128K, committed 71616K, reserved 1114112K
  class space    used 7304K, committed 8000K, reserved 1048576K
}
Event: 26.151 GC heap after
{Heap after GC invocations=437 (full 3):
 PSYoungGen      total 3072K, used 1375K [0x00000000d5580000, 0x00000000d5a00000, 0x0000000100000000)
  eden space 1536K, 0% used [0x00000000d5580000,0x00000000d5580000,0x00000000d5700000)
  from space 1536K, 89% used [0x00000000d5880000,0x00000000d59d7e90,0x00000000d5a00000)
  to   space 1536K, 0% used [0x00000000d5700000,0x00000000d5700000,0x00000000d5880000)
 ParOldGen       total 481280K, used 481018K [0x0000000080000000, 0x000000009d600000, 0x00000000d5580000)
  object space 481280K, 99% used [0x0000000080000000,0x000000009d5be818,0x000000009d600000)
 Metaspace       used 70128K, committed 71616K, reserved 1114112K
  class space    used 7304K, committed 8000K, reserved 1048576K
}

